<?xml version="1.0" encoding="UTF-8"?>
<!-- Generated by org.testng.reporters.JUnitXMLReporter -->
<testsuite ignored="0" hostname="DESKTOP-3FFEOHO" failures="0" tests="4" name="FireFox Test" time="30.373" errors="0" timestamp="2022-03-07T17:31:39 IST">
  <testcase classname="AssertionAssg" name="@AfterMethod afterMethod" time="0.011">
    <failure type="org.openqa.selenium.remote.http.ConnectionFailedException" message="Unable to establish websocket connection to http://localhost:51474/devtools/browser/c6f54a91-ee9c-431e-96b9-c61bb2c44849
Build info: version: &amp;apos;4.1.2&amp;apos;, revision: &amp;apos;9a5a329c5a&amp;apos;
System info: host: &amp;apos;DESKTOP-3FFEOHO&amp;apos;, ip: &amp;apos;192.168.1.8&amp;apos;, os.name: &amp;apos;Windows 10&amp;apos;, os.arch: &amp;apos;amd64&amp;apos;, os.version: &amp;apos;10.0&amp;apos;, java.version: &amp;apos;17.0.1&amp;apos;
Driver info: driver.version: RemoteWebDriver">
      <![CDATA[org.openqa.selenium.remote.http.ConnectionFailedException: Unable to establish websocket connection to http://localhost:51474/devtools/browser/c6f54a91-ee9c-431e-96b9-c61bb2c44849
Build info: version: '4.1.2', revision: '9a5a329c5a'
System info: host: 'DESKTOP-3FFEOHO', ip: '192.168.1.8', os.name: 'Windows 10', os.arch: 'amd64', os.version: '10.0', java.version: '17.0.1'
Driver info: driver.version: RemoteWebDriver
at org.openqa.selenium.remote.http.netty.NettyWebSocket.<init>(NettyWebSocket.java:104)
at org.openqa.selenium.remote.http.netty.NettyWebSocket.lambda$create$3(NettyWebSocket.java:137)
at org.openqa.selenium.remote.http.netty.NettyClient.openSocket(NettyClient.java:118)
at org.openqa.selenium.devtools.Connection.<init>(Connection.java:77)
at org.openqa.selenium.firefox.FirefoxDriver.maybeGetDevTools(FirefoxDriver.java:310)
at org.openqa.selenium.remote.RemoteWebDriver.close(RemoteWebDriver.java:440)
at AssertionAssg.afterMethod(AssertionAssg.java:112)
at java.base/java.util.ArrayList.forEach(ArrayList.java:1511)
... Removed 32 stack frames]]>
    </failure>
  </testcase> <!-- @AfterMethod afterMethod -->
  <testcase classname="AssertionAssg" name="@AfterMethod afterMethod" time="-1.646654483171E9">
    <skipped/>
  </testcase> <!-- @AfterMethod afterMethod -->
  <testcase classname="AssertionAssg" name="@AfterMethod afterMethod" time="-1.646654490116E9">
    <skipped/>
  </testcase> <!-- @AfterMethod afterMethod -->
  <testcase classname="AssertionAssg" name="@AfterMethod afterMethod" time="-1.646654499065E9">
    <skipped/>
  </testcase> <!-- @AfterMethod afterMethod -->
  <testcase classname="AssertionAssg" name="verifyLoginApplication" time="0.304"/>
  <testcase classname="AssertionAssg" name="verifyLoginButtonColor" time="0.0">
    <skipped/>
  </testcase> <!-- verifyLoginButtonColor -->
  <testcase classname="AssertionAssg" name="verifyLoginImageDisply" time="0.0">
    <skipped/>
  </testcase> <!-- verifyLoginImageDisply -->
  <testcase classname="AssertionAssg" name="verifySearchButton" time="0.0">
    <skipped/>
  </testcase> <!-- verifySearchButton -->
</testsuite> <!-- FireFox Test -->
